<?xml version="1.0" encoding="UTF-8"?>
<!-- Generated by org.testng.reporters.JUnitReportReporter -->
<testsuite hostname="DESKTOP-3OME5PL" failures="0" tests="1" name="com.PMPeople.TestClass6_ResourceManager.T1_AddResourcePool" time="23.710" errors="0" timestamp="2024-04-05T14:55:51 IST" skipped="0">
  <testcase classname="com.PMPeople.TestClass6_ResourceManager.T1_AddResourcePool" name="addResourcePool" time="23.710"/>
</testsuite> <!-- com.PMPeople.TestClass6_ResourceManager.T1_AddResourcePool -->
