<?xml version="1.0" encoding="UTF-8"?>
<!-- Generated by org.testng.reporters.JUnitReportReporter -->
<testsuite hostname="DESKTOP-3OME5PL" failures="0" tests="1" name="com.PMPeople.TestClass1_SignUp.T1_SignUp" time="19.104" errors="0" timestamp="2024-04-05T17:10:01 IST" skipped="0">
  <testcase classname="com.PMPeople.TestClass1_SignUp.T1_SignUp" name="Signup" time="19.104"/>
</testsuite> <!-- com.PMPeople.TestClass1_SignUp.T1_SignUp -->
