<?xml version="1.0" encoding="UTF-8"?>
<!-- Generated by org.testng.reporters.JUnitReportReporter -->
<testsuite hostname="DESKTOP-3OME5PL" failures="0" tests="1" name="com.PMPeople.TestClass2_SignIn.T1_Login2_demo" time="25.339" errors="0" timestamp="2024-04-05T14:55:51 IST" skipped="0">
  <testcase classname="com.PMPeople.TestClass2_SignIn.T1_Login2_demo" name="Login" time="25.339"/>
</testsuite> <!-- com.PMPeople.TestClass2_SignIn.T1_Login2_demo -->
