<?xml version="1.0" encoding="UTF-8"?>
<!-- Generated by org.testng.reporters.JUnitReportReporter -->
<testsuite hostname="DESKTOP-3OME5PL" failures="0" tests="1" name="com.PMPeople.TestClass1_SignUp.T5_NewSignUp" time="9.096" errors="0" timestamp="2024-04-05T17:10:01 IST" skipped="0">
  <testcase classname="com.PMPeople.TestClass1_SignUp.T5_NewSignUp" name="Signup" time="9.096"/>
</testsuite> <!-- com.PMPeople.TestClass1_SignUp.T5_NewSignUp -->
