<?xml version="1.0" encoding="UTF-8"?>
<!-- Generated by org.testng.reporters.JUnitReportReporter -->
<testsuite hostname="DESKTOP-3OME5PL" failures="0" tests="1" name="com.PMPeople.TestClass3_ForgotPassword.T1_ForgotPassword" time="11.426" errors="0" timestamp="2024-04-05T17:10:01 IST" skipped="0">
  <testcase classname="com.PMPeople.TestClass3_ForgotPassword.T1_ForgotPassword" name="forgot_password" time="11.426"/>
</testsuite> <!-- com.PMPeople.TestClass3_ForgotPassword.T1_ForgotPassword -->
