<?xml version="1.0" encoding="UTF-8"?>
<!-- Generated by org.testng.reporters.JUnitReportReporter -->
<testsuite hostname="DESKTOP-3OME5PL" failures="0" tests="1" name="com.PMPeople.TestClass1_SignUp.T4_ChangingName_Country_FromSignUp" time="9.476" errors="0" timestamp="2024-04-05T17:10:01 IST" skipped="0">
  <testcase classname="com.PMPeople.TestClass1_SignUp.T4_ChangingName_Country_FromSignUp" name="T4ChangingName_FromSignUp" time="9.476"/>
</testsuite> <!-- com.PMPeople.TestClass1_SignUp.T4_ChangingName_Country_FromSignUp -->
